<?xml version="1.0" encoding="UTF-8"?>
<!-- Generated by org.testng.reporters.JUnitReportReporter -->
<testsuite hostname="News-MacBook-Pro-4.local" failures="0" tests="1" name="tests.XMLSchemaVAlidation" time="4.407" errors="0" timestamp="2021-04-20T18:01:42 ICT" skipped="0">
  <testcase classname="tests.XMLSchemaVAlidation" name="schemaValidation" time="4.407"/>
  <system-out/>
</testsuite> <!-- tests.XMLSchemaVAlidation -->
