<?xml version="1.0" encoding="UTF-8"?>
<!-- Generated by org.testng.reporters.JUnitReportReporter -->
<testsuite hostname="News-MacBook-Pro-4.local" failures="0" tests="1" name="tests.GetAndPostExamples" time="4.013" errors="0" timestamp="2021-04-15T02:12:58 ICT" skipped="0">
  <testcase classname="tests.GetAndPostExamples" name="testPost" time="4.013"/>
  <system-out/>
</testsuite> <!-- tests.GetAndPostExamples -->
