<?xml version="1.0" encoding="UTF-8"?>
<!-- Generated by org.testng.reporters.JUnitReportReporter -->
<testsuite hostname="News-MacBook-Pro-4.local" failures="0" tests="3" name="tests.PutPatchDeleteExamples" time="4.954" errors="0" timestamp="2021-04-15T02:44:26 ICT" skipped="0">
  <testcase classname="tests.PutPatchDeleteExamples" name="testPatch" time="0.674"/>
  <system-out/>
  <testcase classname="tests.PutPatchDeleteExamples" name="testDelete" time="3.755"/>
  <system-out/>
  <testcase classname="tests.PutPatchDeleteExamples" name="testPut" time="0.525"/>
  <system-out/>
</testsuite> <!-- tests.PutPatchDeleteExamples -->
