<?xml version="1.0" encoding="UTF-8"?>
<!-- Generated by org.testng.reporters.JUnitReportReporter -->
<testsuite hostname="News-MacBook-Pro-4.local" failures="0" tests="1" name="tests.SoapXMLRequest" time="4.988" errors="0" timestamp="2021-04-20T17:16:57 ICT" skipped="0">
  <testcase classname="tests.SoapXMLRequest" name="validateSOapXML" time="4.988"/>
  <system-out/>
</testsuite> <!-- tests.SoapXMLRequest -->
