<?xml version="1.0" encoding="UTF-8"?>
<!-- Generated by org.testng.reporters.JUnitReportReporter -->
<testsuite hostname="News-MacBook-Pro-4.local" failures="0" tests="1" name="tests.TestOnLocalAPI" time="2.118" errors="0" timestamp="2021-04-18T15:34:48 ICT" skipped="0">
  <testcase classname="tests.TestOnLocalAPI" name="delete" time="2.118"/>
  <system-out/>
</testsuite> <!-- tests.TestOnLocalAPI -->
