<?xml version="1.0" encoding="UTF-8"?>
<!-- Generated by org.testng.reporters.JUnitReportReporter -->
<testsuite hostname="News-MacBook-Pro-4.local" failures="0" tests="2" name="tests.TestsExamples" time="5.530" errors="0" timestamp="2021-04-15T00:29:38 ICT" skipped="0">
  <testcase classname="tests.TestsExamples" name="test_1" time="3.957"/>
  <system-out/>
  <testcase classname="tests.TestsExamples" name="test_2" time="1.573"/>
  <system-out/>
</testsuite> <!-- tests.TestsExamples -->
